This is pdfTeX, Version 3.14159265-2.6-1.40.18 (TeX Live 2017/Debian) (preloaded format=pdflatex 2019.10.15)  11 MAY 2020 19:47
entering extended mode
 restricted \write18 enabled.
 %&-line parsing enabled.
**samplepaper.tex
(./samplepaper.tex
LaTeX2e <2017-04-15>
Babel <3.18> and hyphenation patterns for 8 language(s) loaded.
(./llncs.cls
Document Class: llncs 2018/03/10 v2.20 
 LaTeX document class for Lecture Notes in Computer Science
(/usr/share/texlive/texmf-dist/tex/latex/base/article.cls
Document Class: article 2014/09/29 v1.4h Standard LaTeX document class
(/usr/share/texlive/texmf-dist/tex/latex/base/size10.clo
File: size10.clo 2014/09/29 v1.4h Standard LaTeX file (size option)
)
\c@part=\count79
\c@section=\count80
\c@subsection=\count81
\c@subsubsection=\count82
\c@paragraph=\count83
\c@subparagraph=\count84
\c@figure=\count85
\c@table=\count86
\abovecaptionskip=\skip41
\belowcaptionskip=\skip42
\bibindent=\dimen102
)
(/usr/share/texlive/texmf-dist/tex/latex/tools/multicol.sty
Package: multicol 2017/04/11 v1.8q multicolumn formatting (FMi)
\c@tracingmulticols=\count87
\mult@box=\box26
\multicol@leftmargin=\dimen103
\c@unbalance=\count88
\c@collectmore=\count89
\doublecol@number=\count90
\multicoltolerance=\count91
\multicolpretolerance=\count92
\full@width=\dimen104
\page@free=\dimen105
\premulticols=\dimen106
\postmulticols=\dimen107
\multicolsep=\skip43
\multicolbaselineskip=\skip44
\partial@page=\box27
\last@line=\box28
\maxbalancingoverflow=\dimen108
\mult@rightbox=\box29
\mult@grightbox=\box30
\mult@gfirstbox=\box31
\mult@firstbox=\box32
\@tempa=\box33
\@tempa=\box34
\@tempa=\box35
\@tempa=\box36
\@tempa=\box37
\@tempa=\box38
\@tempa=\box39
\@tempa=\box40
\@tempa=\box41
\@tempa=\box42
\@tempa=\box43
\@tempa=\box44
\@tempa=\box45
\@tempa=\box46
\@tempa=\box47
\@tempa=\box48
\@tempa=\box49
\c@columnbadness=\count93
\c@finalcolumnbadness=\count94
\last@try=\dimen109
\multicolovershoot=\dimen110
\multicolundershoot=\dimen111
\mult@nat@firstbox=\box50
\colbreak@box=\box51
\mc@col@check@num=\count95
)
(/usr/share/texlive/texmf-dist/tex/latex/oberdiek/aliascnt.sty
Package: aliascnt 2016/05/16 v1.4 Alias counters (HO)

(/usr/share/texlive/texmf-dist/tex/latex/carlisle/remreset.sty))
\c@chapter=\count96
LaTeX Font Info:    Redeclaring math symbol \Gamma on input line 362.
LaTeX Font Info:    Redeclaring math symbol \Delta on input line 363.
LaTeX Font Info:    Redeclaring math symbol \Theta on input line 364.
LaTeX Font Info:    Redeclaring math symbol \Lambda on input line 365.
LaTeX Font Info:    Redeclaring math symbol \Xi on input line 366.
LaTeX Font Info:    Redeclaring math symbol \Pi on input line 367.
LaTeX Font Info:    Redeclaring math symbol \Sigma on input line 368.
LaTeX Font Info:    Redeclaring math symbol \Upsilon on input line 369.
LaTeX Font Info:    Redeclaring math symbol \Phi on input line 370.
LaTeX Font Info:    Redeclaring math symbol \Psi on input line 371.
LaTeX Font Info:    Redeclaring math symbol \Omega on input line 372.
\tocchpnum=\dimen112
\tocsecnum=\dimen113
\tocsectotal=\dimen114
\tocsubsecnum=\dimen115
\tocsubsectotal=\dimen116
\tocsubsubsecnum=\dimen117
\tocsubsubsectotal=\dimen118
\tocparanum=\dimen119
\tocparatotal=\dimen120
\tocsubparanum=\dimen121
\@tempcntc=\count97
\fnindent=\dimen122
\c@@inst=\count98
\c@@auth=\count99
\c@auco=\count100
\instindent=\dimen123
\authrun=\box52
\authorrunning=\toks14
\tocauthor=\toks15
\titrun=\box53
\titlerunning=\toks16
\toctitle=\toks17
\c@theorem=\count101
\c@case=\count102
\c@conjecture=\count103
\c@corollary=\count104
\c@definition=\count105
\c@example=\count106
\c@exercise=\count107
\c@lemma=\count108
\c@note=\count109
\c@problem=\count110
\c@property=\count111
\c@proposition=\count112
\c@question=\count113
\c@solution=\count114
\c@remark=\count115
\headlineindent=\dimen124
)
(/usr/share/texlive/texmf-dist/tex/latex/graphics/graphicx.sty
Package: graphicx 2017/06/01 v1.1a Enhanced LaTeX Graphics (DPC,SPQR)

(/usr/share/texlive/texmf-dist/tex/latex/graphics/keyval.sty
Package: keyval 2014/10/28 v1.15 key=value parser (DPC)
\KV@toks@=\toks18
)
(/usr/share/texlive/texmf-dist/tex/latex/graphics/graphics.sty
Package: graphics 2017/06/25 v1.2c Standard LaTeX Graphics (DPC,SPQR)

(/usr/share/texlive/texmf-dist/tex/latex/graphics/trig.sty
Package: trig 2016/01/03 v1.10 sin cos tan (DPC)
)
(/usr/share/texlive/texmf-dist/tex/latex/graphics-cfg/graphics.cfg
File: graphics.cfg 2016/06/04 v1.11 sample graphics configuration
)
Package graphics Info: Driver file: pdftex.def on input line 99.

(/usr/share/texlive/texmf-dist/tex/latex/graphics-def/pdftex.def
File: pdftex.def 2018/01/08 v1.0l Graphics/color driver for pdftex
))
\Gin@req@height=\dimen125
\Gin@req@width=\dimen126
)
(/usr/share/texlive/texmf-dist/tex/generic/babel/babel.sty
Package: babel 2018/02/14 3.18 The Babel package

(/usr/share/texlive/texmf-dist/tex/generic/babel/switch.def
File: switch.def 2018/02/14 3.18 Babel switching mechanism
)
(/usr/share/texlive/texmf-dist/tex/generic/babel-portuges/portuges.ldf
Language: portuges 2008/03/18 v1.2q Portuguese support from the babel system

(/usr/share/texlive/texmf-dist/tex/generic/babel/babel.def
File: babel.def 2018/02/14 3.18 Babel common definitions
\babel@savecnt=\count116
\U@D=\dimen127

(/usr/share/texlive/texmf-dist/tex/generic/babel/txtbabel.def)
\bbl@dirlevel=\count117
)
Package babel Info: Making " an active character on input line 145.
))
(/usr/share/texlive/texmf-dist/tex/latex/base/fontenc.sty
Package: fontenc 2017/04/05 v2.0i Standard LaTeX package

(/usr/share/texlive/texmf-dist/tex/latex/base/t1enc.def
File: t1enc.def 2017/04/05 v2.0i Standard LaTeX file
LaTeX Font Info:    Redeclaring font encoding T1 on input line 48.
))
(/usr/share/texlive/texmf-dist/tex/latex/tools/verbatim.sty
Package: verbatim 2014/10/28 v1.5q LaTeX2e package for verbatim enhancements
\every@verbatim=\toks19
\verbatim@line=\toks20
\verbatim@in@stream=\read1
)
(/usr/share/texlive/texmf-dist/tex/latex/float/float.sty
Package: float 2001/11/08 v1.3d Float enhancements (AL)
\c@float@type=\count118
\float@exts=\toks21
\float@box=\box54
\@float@everytoks=\toks22
\@floatcapt=\box55
)
(/usr/share/texlive/texmf-dist/tex/latex/listings/listings.sty
\lst@mode=\count119
\lst@gtempboxa=\box56
\lst@token=\toks23
\lst@length=\count120
\lst@currlwidth=\dimen128
\lst@column=\count121
\lst@pos=\count122
\lst@lostspace=\dimen129
\lst@width=\dimen130
\lst@newlines=\count123
\lst@lineno=\count124
\lst@maxwidth=\dimen131

(/usr/share/texlive/texmf-dist/tex/latex/listings/lstmisc.sty
File: lstmisc.sty 2015/06/04 1.6 (Carsten Heinz)
\c@lstnumber=\count125
\lst@skipnumbers=\count126
\lst@framebox=\box57
)
(/usr/share/texlive/texmf-dist/tex/latex/listings/listings.cfg
File: listings.cfg 2015/06/04 1.6 listings configuration
))
Package: listings 2015/06/04 1.6 (Carsten Heinz)

(./samplepaper.aux

LaTeX Warning: Label `fig02' multiply defined.


LaTeX Warning: Label `fig02' multiply defined.


LaTeX Warning: Label `fig02' multiply defined.


LaTeX Warning: Label `fig02' multiply defined.


LaTeX Warning: Label `fig02' multiply defined.


LaTeX Warning: Label `fig02' multiply defined.


LaTeX Warning: Label `fig02' multiply defined.


LaTeX Warning: Label `fig02' multiply defined.


LaTeX Warning: Label `fig02' multiply defined.


LaTeX Warning: Label `fig02' multiply defined.


LaTeX Warning: Label `fig02' multiply defined.


LaTeX Warning: Label `fig02' multiply defined.


LaTeX Warning: Label `fig02' multiply defined.


LaTeX Warning: Label `fig02' multiply defined.


LaTeX Warning: Label `fig02' multiply defined.


LaTeX Warning: Label `fig02' multiply defined.


LaTeX Warning: Label `fig02' multiply defined.


LaTeX Warning: Label `fig02' multiply defined.

)
\openout1 = `samplepaper.aux'.

LaTeX Font Info:    Checking defaults for OML/cmm/m/it on input line 38.
LaTeX Font Info:    ... okay on input line 38.
LaTeX Font Info:    Checking defaults for T1/cmr/m/n on input line 38.
LaTeX Font Info:    ... okay on input line 38.
LaTeX Font Info:    Checking defaults for OT1/cmr/m/n on input line 38.
LaTeX Font Info:    ... okay on input line 38.
LaTeX Font Info:    Checking defaults for OMS/cmsy/m/n on input line 38.
LaTeX Font Info:    ... okay on input line 38.
LaTeX Font Info:    Checking defaults for OMX/cmex/m/n on input line 38.
LaTeX Font Info:    ... okay on input line 38.
LaTeX Font Info:    Checking defaults for U/cmr/m/n on input line 38.
LaTeX Font Info:    ... okay on input line 38.
 (/usr/share/texlive/texmf-dist/tex/context/base/mkii/supp-pdf.mkii
[Loading MPS to PDF converter (version 2006.09.02).]
\scratchcounter=\count127
\scratchdimen=\dimen132
\scratchbox=\box58
\nofMPsegments=\count128
\nofMParguments=\count129
\everyMPshowfont=\toks24
\MPscratchCnt=\count130
\MPscratchDim=\dimen133
\MPnumerator=\count131
\makeMPintoPDFobject=\count132
\everyMPtoPDFconversion=\toks25
) (/usr/share/texlive/texmf-dist/tex/latex/oberdiek/epstopdf-base.sty
Package: epstopdf-base 2016/05/15 v2.6 Base part for package epstopdf

(/usr/share/texlive/texmf-dist/tex/generic/oberdiek/infwarerr.sty
Package: infwarerr 2016/05/16 v1.4 Providing info/warning/error messages (HO)
)
(/usr/share/texlive/texmf-dist/tex/latex/oberdiek/grfext.sty
Package: grfext 2016/05/16 v1.2 Manage graphics extensions (HO)

(/usr/share/texlive/texmf-dist/tex/generic/oberdiek/kvdefinekeys.sty
Package: kvdefinekeys 2016/05/16 v1.4 Define keys (HO)

(/usr/share/texlive/texmf-dist/tex/generic/oberdiek/ltxcmds.sty
Package: ltxcmds 2016/05/16 v1.23 LaTeX kernel commands for general use (HO)
)))
(/usr/share/texlive/texmf-dist/tex/latex/oberdiek/kvoptions.sty
Package: kvoptions 2016/05/16 v3.12 Key value format for package options (HO)

(/usr/share/texlive/texmf-dist/tex/generic/oberdiek/kvsetkeys.sty
Package: kvsetkeys 2016/05/16 v1.17 Key value parser (HO)

(/usr/share/texlive/texmf-dist/tex/generic/oberdiek/etexcmds.sty
Package: etexcmds 2016/05/16 v1.6 Avoid name clashes with e-TeX commands (HO)

(/usr/share/texlive/texmf-dist/tex/generic/oberdiek/ifluatex.sty
Package: ifluatex 2016/05/16 v1.4 Provides the ifluatex switch (HO)
Package ifluatex Info: LuaTeX not detected.
)
Package etexcmds Info: Could not find \expanded.
(etexcmds)             That can mean that you are not using pdfTeX 1.50 or
(etexcmds)             that some package has redefined \expanded.
(etexcmds)             In the latter case, load this package earlier.
)))
(/usr/share/texlive/texmf-dist/tex/generic/oberdiek/pdftexcmds.sty
Package: pdftexcmds 2018/01/21 v0.26 Utility functions of pdfTeX for LuaTeX (HO
)

(/usr/share/texlive/texmf-dist/tex/generic/oberdiek/ifpdf.sty
Package: ifpdf 2017/03/15 v3.2 Provides the ifpdf switch
)
Package pdftexcmds Info: LuaTeX not detected.
Package pdftexcmds Info: \pdf@primitive is available.
Package pdftexcmds Info: \pdf@ifprimitive is available.
Package pdftexcmds Info: \pdfdraftmode found.
)
Package epstopdf-base Info: Redefining graphics rule for `.eps' on input line 4
38.
Package grfext Info: Graphics extension search list:
(grfext)             [.pdf,.png,.jpg,.mps,.jpeg,.jbig2,.jb2,.PDF,.PNG,.JPG,.JPE
G,.JBIG2,.JB2,.eps]
(grfext)             \AppendGraphicsExtensions on input line 456.

(/usr/share/texlive/texmf-dist/tex/latex/latexconfig/epstopdf-sys.cfg
File: epstopdf-sys.cfg 2010/07/13 v1.3 Configuration of (r)epstopdf for TeX Liv
e
))
\c@lstlisting=\count133

(./title.tex
LaTeX Font Info:    External font `cmex10' loaded for size
(Font)              <7> on input line 16.
LaTeX Font Info:    External font `cmex10' loaded for size
(Font)              <5> on input line 16.
LaTeX Font Info:    Try loading font information for OMS+cmr on input line 21.
 (/usr/share/texlive/texmf-dist/tex/latex/base/omscmr.fd
File: omscmr.fd 2014/09/29 v2.5h Standard LaTeX font definitions
)
LaTeX Font Info:    Font shape `OMS/cmr/m/n' in size <9> not available
(Font)              Font shape `OMS/cmsy/m/n' tried instead on input line 21.
) [1

{/var/lib/texmf/fonts/map/pdftex/updmap/pdftex.map}] (./Geral.tex
Overfull \hbox (4.60028pt too wide) in paragraph at lines 20--21
\T1/cmr/m/n/10 nhe-ci-mento dis-po-ni-bi-li-zado ao tes-ter, sendo um com-pro-m
isso en-tre o tempo,da
 []

[2] [3] [4] [5]
<./images/SDLC.png, id=25, 769.87625pt x 321.2pt>
File: ./images/SDLC.png Graphic file (type png)
<use ./images/SDLC.png>
Package pdftex.def Info: ./images/SDLC.png  used on input line 135.
(pdftex.def)             Requested size: 347.12354pt x 144.82782pt.
 [6 <./images/SDLC.png>] [7]
Underfull \vbox (badness 1152) has occurred while \output is active []

 [8]
[9] [10] [11]
Overfull \hbox (16.1792pt too wide) in paragraph at lines 331--332
[]\T1/cmr/m/n/10 É im-por-tante que os To-kens te-nham uma ex-pi-ra-tion date 
ou ainda implementar-
 []

[12] [13] [14]) (./Android.tex [15]
<./images/arquiteturaAndroid.png, id=60, 413.545pt x 612.2875pt>
File: ./images/arquiteturaAndroid.png Graphic file (type png)
<use ./images/arquiteturaAndroid.png>
Package pdftex.def Info: ./images/arquiteturaAndroid.png  used on input line 21
.
(pdftex.def)             Requested size: 248.1289pt x 367.37534pt.
 [16 <./images/arquiteturaAndroid.png>]
Underfull \hbox (badness 10000) in paragraph at lines 35--37

 []


Underfull \hbox (badness 10000) in paragraph at lines 37--40

 []


Underfull \hbox (badness 10000) in paragraph at lines 40--43

 []

[17]
Underfull \hbox (badness 10000) in paragraph at lines 47--49

 []

[18]
Overfull \hbox (3.7128pt too wide) in paragraph at lines 79--81
\T1/cmr/m/n/10 au-to-ma-ti-ca-mente. Exem-plo: \T1/cmr/m/it/10 an-droid.permiss
ion.ACCESS_MOCK_LOCATION 
 []

[19]
Underfull \hbox (badness 10000) in paragraph at lines 109--111

 []

[20]
Overfull \hbox (8.05779pt too wide) in paragraph at lines 138--138
 \T1/cmr/bx/n/10 15.1.1 Tes-tar o ar-ma-ze-na-mento lo-cal para da-dos con-fi-d
en-ci-ais (MSTG-
 []


Underfull \hbox (badness 10000) in paragraph at lines 140--151

 []


Underfull \hbox (badness 10000) in paragraph at lines 140--151

 []


Underfull \hbox (badness 10000) in paragraph at lines 140--151

 []


Underfull \hbox (badness 10000) in paragraph at lines 140--151

 []


Underfull \hbox (badness 10000) in paragraph at lines 140--151

 []


Underfull \hbox (badness 10000) in paragraph at lines 140--151

 []

[21]
Underfull \hbox (badness 10000) in paragraph at lines 162--164

 []


Underfull \hbox (badness 10000) in paragraph at lines 180--182

 []

[22]
Underfull \hbox (badness 10000) in paragraph at lines 183--185

 []


Overfull \hbox (29.85246pt too wide) in paragraph at lines 198--198
 \T1/cmr/bx/n/10 15.1.3 Pro-cu-rar da-dos sen-sí-veis na ca-che do te-clado (M
STG-STORAGE-
 []

[23]
Overfull \hbox (7.54819pt too wide) in paragraph at lines 215--215
\T1/cmr/bx/n/10 grá-fi-cos (MSTG-CRYPTO-2, MSTG-CRYPTO-3 e MSTG-CRYPTO-
 []


Overfull \hbox (8.01343pt too wide) in paragraph at lines 218--219
[]\T1/cmr/m/n/10 A mai-o-ria das in-ter-fa-ces e clas-ses JCA são de-fi-ni-das
 nos pa-co-tes java.security.*
 []


Overfull \hbox (19.08842pt too wide) in paragraph at lines 225--225
 \T1/cmr/bx/n/10 15.2.2 Teste do ma-nu-te-nção de cha-ves (MSTG-STORAGE-1, MS
TG-
 []

[24]
Overfull \hbox (14.22433pt too wide) in paragraph at lines 235--235
 \T1/cmr/bx/n/10 15.2.3 Tes-tar a ge-ração de nú-me-ros ale-a-tó-rios (MSTG
-CRYPTO-
 []


Overfull \hbox (14.24933pt too wide) in paragraph at lines 253--253
 \T1/cmr/bx/n/10 15.3.1 Tes-tar cre-den-ci-ais de con-fir-mação (MSTG-AUTH-1 
e MSTG-
 []


Overfull \hbox (6.29155pt too wide) in paragraph at lines 267--267
 \T1/cmr/bx/n/10 15.4.1 Tes-tar a ve-ri-fi-cação de iden-ti-fi-cação de ter
-mi-nal (MSTG-
 []

[25]
Overfull \hbox (0.68298pt too wide) in paragraph at lines 302--303
[]\T1/cmr/m/n/10 O An-droid atri-bui uma iden-ti-dade dis-tinta do sis-tema a t
o-dos as apli-cações
 []

[26]
Overfull \hbox (98.85504pt too wide) in paragraph at lines 314--316
\T1/cmr/m/n/10 cação que de-cla-rou a per-mis-são. Exem-plo: an-droid.permis
sion.ACCESS_MOCK_LOCATION 
 []

) (./iOS.tex [27]
Overfull \hbox (15.70709pt too wide) in paragraph at lines 8--8
[]\T1/cmr/m/n/10 Apps no iOS es-tão iso-la-das umas das ou-tras atra-vés de u
ma sand-box(Seatbelt)
 []

LaTeX Font Info:    External font `cmex10' loaded for size
(Font)              <9> on input line 19.
LaTeX Font Info:    External font `cmex10' loaded for size
(Font)              <6> on input line 19.
[28] [29]
Overfull \hbox (20.80884pt too wide) in paragraph at lines 90--90
 \T1/cmr/bx/n/10 18.1.1 Tes-tar o Ar-ma-ze-na-mento Lo-cal (MSTG-STORAGE-1 and 
MSTG-
 []

<./images/image17.png, id=113, 630.355pt x 215.80624pt>
File: ./images/image17.png Graphic file (type png)
<use ./images/image17.png>
Package pdftex.def Info: ./images/image17.png  used on input line 98.
(pdftex.def)             Requested size: 347.12354pt x 118.83868pt.
[30 <./images/image17.png>]
Overfull \hbox (29.85246pt too wide) in paragraph at lines 156--156
 \T1/cmr/bx/n/10 18.1.3 Pro-cu-rar da-dos sen-sí-veis na ca-che do te-clado (M
STG-STORAGE-
 []

<./images/image26.png, id=118, 644.4075pt x 73.27374pt>
File: ./images/image26.png Graphic file (type png)
<use ./images/image26.png>
Package pdftex.def Info: ./images/image26.png  used on input line 177.
(pdftex.def)             Requested size: 347.12354pt x 39.47218pt.
[31]
<./images/image27.png, id=124, 635.37375pt x 69.25874pt>
File: ./images/image27.png Graphic file (type png)
<use ./images/image27.png>
Package pdftex.def Info: ./images/image27.png  used on input line 188.
(pdftex.def)             Requested size: 347.12354pt x 37.83878pt.
 [32 <./images/image26.png> <./images/image27.png>]
<./images/image38.png, id=130, 642.4pt x 138.5175pt>
File: ./images/image38.png Graphic file (type png)
<use ./images/image38.png>
Package pdftex.def Info: ./images/image38.png  used on input line 231.
(pdftex.def)             Requested size: 347.12354pt x 74.85117pt.
<./images/image39.png, id=131, 642.4pt x 117.43875pt>
File: ./images/image39.png Graphic file (type png)
<use ./images/image39.png>
Package pdftex.def Info: ./images/image39.png  used on input line 240.
(pdftex.def)             Requested size: 347.12354pt x 63.46077pt.
<./images/image40.png, id=132, 643.40375pt x 135.50626pt>
File: ./images/image40.png Graphic file (type png)
<use ./images/image40.png>
Package pdftex.def Info: ./images/image40.png  used on input line 248.
(pdftex.def)             Requested size: 347.12354pt x 73.10817pt.
 [33 <./images/image38.png> <./images/image39.png>]
<./images/image41.png, id=138, 656.4525pt x 204.765pt>
File: ./images/image41.png Graphic file (type png)
<use ./images/image41.png>
Package pdftex.def Info: ./images/image41.png  used on input line 258.
(pdftex.def)             Requested size: 347.12354pt x 108.27809pt.
 [34 <./images/image40.png> <./images/image41.png>]
Overfull \hbox (12.94548pt too wide) in paragraph at lines 300--300
 \T1/cmr/bx/n/10 18.2.3 Tes-tar Ge-ração Ale-a-tó-ria de Nú-me-ros (MSTG- C
RYPTO-
 []


Overfull \hbox (30.18744pt too wide) in paragraph at lines 310--311
[][][][][][][][][][][][][][][][] 
 []


Overfull \hbox (52.3822pt too wide) in paragraph at lines 316--317
[][][][][][][][][][][][][][][][][][][][][][] 
 []


Overfull \hbox (41.28482pt too wide) in paragraph at lines 320--321
[][][][][][][][][][][][][][][][][][] 
 []

[35] [36]
Overfull \hbox (6.13187pt too wide) in paragraph at lines 392--392
 \T1/cmr/bx/n/10 18.4.1 Se-gu-ra-nça da Ca-mada de Tras-porte da Apli-cação 
(MSTG-
 []

<./images/image42.png, id=151, 639.38875pt x 132.495pt>
File: ./images/image42.png Graphic file (type png)
<use ./images/image42.png>
Package pdftex.def Info: ./images/image42.png  used on input line 403.
(pdftex.def)             Requested size: 347.12354pt x 71.93236pt.
[37] [38 <./images/image42.png>] [39]
<./images/image45.png, id=163, 359.3425pt x 253.94875pt>
File: ./images/image45.png Graphic file (type png)
<use ./images/image45.png>
Package pdftex.def Info: ./images/image45.png  used on input line 477.
(pdftex.def)             Requested size: 173.56177pt x 122.66124pt.
<./images/image46.png, id=164, 613.29124pt x 107.40125pt>
File: ./images/image46.png Graphic file (type png)
<use ./images/image46.png>
Package pdftex.def Info: ./images/image46.png  used on input line 484.
(pdftex.def)             Requested size: 347.12354pt x 60.78996pt.
<./images/image47.png, id=165, 648.4225pt x 279.0425pt>
File: ./images/image47.png Graphic file (type png)
<use ./images/image47.png>
Package pdftex.def Info: ./images/image47.png  used on input line 497.
(pdftex.def)             Requested size: 347.12354pt x 149.38205pt.
 [40 <./images/image45.png> <./images/image46.png>]
<./images/image48.png, id=171, 642.4pt x 229.85875pt>
File: ./images/image48.png Graphic file (type png)
<use ./images/image48.png>
Package pdftex.def Info: ./images/image48.png  used on input line 509.
(pdftex.def)             Requested size: 347.12354pt x 124.20955pt.
 [41 <./images/image47.png> <./images/image48.png>]
<./images/image49.png, id=177, 647.41875pt x 132.495pt>
File: ./images/image49.png Graphic file (type png)
<use ./images/image49.png>
Package pdftex.def Info: ./images/image49.png  used on input line 544.
(pdftex.def)             Requested size: 347.12354pt x 71.03877pt.

Overfull \hbox (1.81712pt too wide) in paragraph at lines 552--553
\T1/cmr/m/it/10 https://<domain>/.well-known/aplicaçãole-aplicação-site-ass
osiation\T1/cmr/m/n/10 . 
 []

<./images/image50.png, id=178, 631.35875pt x 230.8625pt>
File: ./images/image50.png Graphic file (type png)
<use ./images/image50.png>
Package pdftex.def Info: ./images/image50.png  used on input line 558.
(pdftex.def)             Requested size: 347.12354pt x 126.92896pt.
[42 <./images/image49.png>]
Overfull \hbox (9.94846pt too wide) in paragraph at lines 567--567
\T1/cmr/m/n/10 ple-men-tar a \T1/cmr/m/it/10 apli-cação-li-ca-tion:continueUs
erActivity:restorationHandler:\T1/cmr/m/n/10 . De-
 []


Overfull \hbox (73.7721pt too wide) in paragraph at lines 569--569
[]\T1/cmr/m/n/10 Adicionalmente, quando a apli-cação usar o mé-todo \T1/cmr/
m/it/10 ope-nURL:options:completionHandler:
 []

<./images/image51.png, id=183, 642.4pt x 155.58125pt>
File: ./images/image51.png Graphic file (type png)
<use ./images/image51.png>
Package pdftex.def Info: ./images/image51.png  used on input line 590.
(pdftex.def)             Requested size: 347.12354pt x 84.07196pt.
[43 <./images/image50.png>]
Overfull \hbox (19.44398pt too wide) in paragraph at lines 601--602
[][][][][][][][][][][][] 
 []


Overfull \hbox (19.44398pt too wide) in paragraph at lines 602--603
[][][][] 
 []


Overfull \hbox (19.44398pt too wide) in paragraph at lines 603--604
[][][][] 
 []

<./images/image52.png, id=189, 648.4225pt x 363.3575pt>
File: ./images/image52.png Graphic file (type png)
<use ./images/image52.png>
Package pdftex.def Info: ./images/image52.png  used on input line 613.
(pdftex.def)             Requested size: 347.12354pt x 194.51907pt.

Underfull \vbox (badness 10000) has occurred while \output is active []

 [44 <./images/image51.png>]
<./images/image53.png, id=194, 645.41125pt x 473.77pt>
File: ./images/image53.png Graphic file (type png)
<use ./images/image53.png>
Package pdftex.def Info: ./images/image53.png  used on input line 620.
(pdftex.def)             Requested size: 347.12354pt x 254.80545pt.

Overfull \hbox (4.2824pt too wide) in paragraph at lines 625--625
\T1/cmr/m/n/10 que ape-nas trata o URL sem o abrir, cha-mando o \T1/cmr/m/it/10
 Te-le-gra-mUI.openExternalUrl
 []


Underfull \vbox (badness 1960) has occurred while \output is active []

 [45 <./images/image52.png> <./images/image53.png>]
Overfull \hbox (3.37836pt too wide) in paragraph at lines 628--630
\T1/cmr/m/n/10 "log("userInfo:"+ ObjC.Object(args[3]).userInfo().toString())". 
Este có-digo
 []

<./images/image54.png, id=200, 648.4225pt x 218.8175pt>
File: ./images/image54.png Graphic file (type png)
<use ./images/image54.png>
Package pdftex.def Info: ./images/image54.png  used on input line 633.
(pdftex.def)             Requested size: 347.12354pt x 117.14133pt.
[46 <./images/image54.png>]
<./images/image55.png, id=205, 693.59125pt x 255.95625pt>
File: ./images/image55.png Graphic file (type png)
<use ./images/image55.png>
Package pdftex.def Info: ./images/image55.png  used on input line 671.
(pdftex.def)             Requested size: 347.12354pt x 128.10278pt.
 [47 <./images/image55.png>]
Overfull \hbox (80.12566pt too wide) in paragraph at lines 698--699
[][][][][][][][][][][][][][][][][] 
 []


Overfull \hbox (63.47958pt too wide) in paragraph at lines 724--725
[][][][][][][][][][][][][][] 
 []

<./images/image56.png, id=210, 370.38374pt x 264.99pt>
File: ./images/image56.png Graphic file (type png)
<use ./images/image56.png>
Package pdftex.def Info: ./images/image56.png  used on input line 730.
(pdftex.def)             Requested size: 173.56177pt x 124.17331pt.

Underfull \vbox (badness 10000) has occurred while \output is active []

 [48]
Overfull \hbox (2.51697pt too wide) in paragraph at lines 747--747
[]\T1/cmr/m/n/10 Para tes-tar o me-ca-nismo de-ve-mos ten-tar ins-ta-lar uma ve
r-são da apli-cação
 []


Overfull \hbox (0.60077pt too wide) in paragraph at lines 749--750
[]\T1/cmr/m/n/10 Se to-das as ten-ta-ti-vas para ex-plo-rar a vul-ne-ra-bi-li-d
ade fa-lha-rem a apli-cação
 []

)
Underfull \hbox (badness 10000) in paragraph at lines 68--69
[]\T1/cmr/m/n/9 https://mobile-security.gitbook.io/mobile-security-testing-guid
e/ios-testing-
 []

[49 <./images/image56.png>]
Overfull \hbox (5.62167pt too wide) in paragraph at lines 75--76
[]\T1/cmr/m/n/9 https://cheatsheetseries.owasp.org/cheatsheets/Authentication_C
heat_Sheet.html 
 []

[50] (./samplepaper.aux)

LaTeX Warning: There were multiply-defined labels.

 ) 
Here is how much of TeX's memory you used:
 4057 strings out of 494830
 56505 string characters out of 6178378
 128812 words of memory out of 5000000
 7294 multiletter control sequences out of 15000+600000
 16779 words of font info for 35 fonts, out of 8000000 for 9000
 61 hyphenation exceptions out of 8191
 41i,9n,32p,1077b,967s stack positions out of 5000i,500n,10000p,200000b,80000s
 </home/apocas/.texlive2017/texmf-var/fonts/pk/ljfour/jknappen/ec/ecbi1000.60
0pk> </home/apocas/.texlive2017/texmf-var/fonts/pk/ljfour/jknappen/ec/ecti0900.
600pk> </home/apocas/.texlive2017/texmf-var/fonts/pk/ljfour/jknappen/ec/ecrm060
0.600pk> </home/apocas/.texlive2017/texmf-var/fonts/pk/ljfour/jknappen/ec/ecrm0
700.600pk> </home/apocas/.texlive2017/texmf-var/fonts/pk/ljfour/jknappen/ec/ect
i1000.600pk> </home/apocas/.texlive2017/texmf-var/fonts/pk/ljfour/jknappen/ec/e
crm2488.600pk> </home/apocas/.texlive2017/texmf-var/fonts/pk/ljfour/jknappen/ec
/ecbx2488.600pk> </home/apocas/.texlive2017/texmf-var/fonts/pk/ljfour/jknappen/
ec/ecbx1200.600pk> </home/apocas/.texlive2017/texmf-var/fonts/pk/ljfour/jknappe
n/ec/ecrm1000.600pk> </home/apocas/.texlive2017/texmf-var/fonts/pk/ljfour/jknap
pen/ec/ecbx1000.600pk> </home/apocas/.texlive2017/texmf-var/fonts/pk/ljfour/jkn
appen/ec/ecbx0900.600pk> </home/apocas/.texlive2017/texmf-var/fonts/pk/ljfour/j
knappen/ec/ecrm0900.600pk> </home/apocas/.texlive2017/texmf-var/fonts/pk/ljfour
/jknappen/ec/ecbx1440.600pk></usr/share/texlive/texmf-dist/fonts/type1/public/a
msfonts/cm/cmmi10.pfb></usr/share/texlive/texmf-dist/fonts/type1/public/amsfont
s/cm/cmsy10.pfb></usr/share/texlive/texmf-dist/fonts/type1/public/amsfonts/cm/c
msy9.pfb>
Output written on samplepaper.pdf (50 pages, 926475 bytes).
PDF statistics:
 781 PDF objects out of 1000 (max. 8388607)
 175 compressed objects within 2 object streams
 0 named destinations out of 1000 (max. 500000)
 111 words of extra memory for PDF output out of 10000 (max. 10000000)

