This is pdfTeX, Version 3.14159265-2.6-1.40.20 (TeX Live 2019) (preloaded format=pdflatex 2019.10.7)  13 MAY 2020 15:31
entering extended mode
 restricted \write18 enabled.
 %&-line parsing enabled.
**samplepaper
(./samplepaper.tex
LaTeX2e <2018-12-01>
(./llncs.cls
Document Class: llncs 2018/03/10 v2.20 
 LaTeX document class for Lecture Notes in Computer Science
(/usr/local/texlive/2019/texmf-dist/tex/latex/base/article.cls
Document Class: article 2018/09/03 v1.4i Standard LaTeX document class
(/usr/local/texlive/2019/texmf-dist/tex/latex/base/size10.clo
File: size10.clo 2018/09/03 v1.4i Standard LaTeX file (size option)
)
\c@part=\count80
\c@section=\count81
\c@subsection=\count82
\c@subsubsection=\count83
\c@paragraph=\count84
\c@subparagraph=\count85
\c@figure=\count86
\c@table=\count87
\abovecaptionskip=\skip41
\belowcaptionskip=\skip42
\bibindent=\dimen102
)
(/usr/local/texlive/2019/texmf-dist/tex/latex/tools/multicol.sty
Package: multicol 2018/12/27 v1.8v multicolumn formatting (FMi)
\c@tracingmulticols=\count88
\mult@box=\box27
\multicol@leftmargin=\dimen103
\c@unbalance=\count89
\c@collectmore=\count90
\doublecol@number=\count91
\multicoltolerance=\count92
\multicolpretolerance=\count93
\full@width=\dimen104
\page@free=\dimen105
\premulticols=\dimen106
\postmulticols=\dimen107
\multicolsep=\skip43
\multicolbaselineskip=\skip44
\partial@page=\box28
\last@line=\box29
\maxbalancingoverflow=\dimen108
\mult@rightbox=\box30
\mult@grightbox=\box31
\mult@gfirstbox=\box32
\mult@firstbox=\box33
\@tempa=\box34
\@tempa=\box35
\@tempa=\box36
\@tempa=\box37
\@tempa=\box38
\@tempa=\box39
\@tempa=\box40
\@tempa=\box41
\@tempa=\box42
\@tempa=\box43
\@tempa=\box44
\@tempa=\box45
\@tempa=\box46
\@tempa=\box47
\@tempa=\box48
\@tempa=\box49
\@tempa=\box50
\c@columnbadness=\count94
\c@finalcolumnbadness=\count95
\last@try=\dimen109
\multicolovershoot=\dimen110
\multicolundershoot=\dimen111
\mult@nat@firstbox=\box51
\colbreak@box=\box52
\mc@col@check@num=\count96
)
(/usr/local/texlive/2019/texmf-dist/tex/latex/oberdiek/aliascnt.sty
Package: aliascnt 2018/09/07 v1.5 Alias counters (HO)
)
\c@chapter=\count97
LaTeX Font Info:    Redeclaring math symbol \Gamma on input line 362.
LaTeX Font Info:    Redeclaring math symbol \Delta on input line 363.
LaTeX Font Info:    Redeclaring math symbol \Theta on input line 364.
LaTeX Font Info:    Redeclaring math symbol \Lambda on input line 365.
LaTeX Font Info:    Redeclaring math symbol \Xi on input line 366.
LaTeX Font Info:    Redeclaring math symbol \Pi on input line 367.
LaTeX Font Info:    Redeclaring math symbol \Sigma on input line 368.
LaTeX Font Info:    Redeclaring math symbol \Upsilon on input line 369.
LaTeX Font Info:    Redeclaring math symbol \Phi on input line 370.
LaTeX Font Info:    Redeclaring math symbol \Psi on input line 371.
LaTeX Font Info:    Redeclaring math symbol \Omega on input line 372.
\tocchpnum=\dimen112
\tocsecnum=\dimen113
\tocsectotal=\dimen114
\tocsubsecnum=\dimen115
\tocsubsectotal=\dimen116
\tocsubsubsecnum=\dimen117
\tocsubsubsectotal=\dimen118
\tocparanum=\dimen119
\tocparatotal=\dimen120
\tocsubparanum=\dimen121
\@tempcntc=\count98
\fnindent=\dimen122
\c@@inst=\count99
\c@@auth=\count100
\c@auco=\count101
\instindent=\dimen123
\authrun=\box53
\authorrunning=\toks14
\tocauthor=\toks15
\titrun=\box54
\titlerunning=\toks16
\toctitle=\toks17
\c@theorem=\count102
\c@case=\count103
\c@conjecture=\count104
\c@corollary=\count105
\c@definition=\count106
\c@example=\count107
\c@exercise=\count108
\c@lemma=\count109
\c@note=\count110
\c@problem=\count111
\c@property=\count112
\c@proposition=\count113
\c@question=\count114
\c@solution=\count115
\c@remark=\count116
\headlineindent=\dimen124
)
(/usr/local/texlive/2019/texmf-dist/tex/latex/graphics/graphicx.sty
Package: graphicx 2017/06/01 v1.1a Enhanced LaTeX Graphics (DPC,SPQR)

(/usr/local/texlive/2019/texmf-dist/tex/latex/graphics/keyval.sty
Package: keyval 2014/10/28 v1.15 key=value parser (DPC)
\KV@toks@=\toks18
)
(/usr/local/texlive/2019/texmf-dist/tex/latex/graphics/graphics.sty
Package: graphics 2017/06/25 v1.2c Standard LaTeX Graphics (DPC,SPQR)

(/usr/local/texlive/2019/texmf-dist/tex/latex/graphics/trig.sty
Package: trig 2016/01/03 v1.10 sin cos tan (DPC)
)
(/usr/local/texlive/2019/texmf-dist/tex/latex/graphics-cfg/graphics.cfg
File: graphics.cfg 2016/06/04 v1.11 sample graphics configuration
)
Package graphics Info: Driver file: pdftex.def on input line 99.

(/usr/local/texlive/2019/texmf-dist/tex/latex/graphics-def/pdftex.def
File: pdftex.def 2018/01/08 v1.0l Graphics/color driver for pdftex
))
\Gin@req@height=\dimen125
\Gin@req@width=\dimen126
)
(/usr/local/texlive/2019/texmf-dist/tex/generic/babel/babel.sty
Package: babel 2019/05/04 3.31 The Babel package

(/usr/local/texlive/2019/texmf-dist/tex/generic/babel/switch.def
File: switch.def 2019/05/04 3.31 Babel switching mechanism
)
(/usr/local/texlive/2019/texmf-dist/tex/generic/babel-portuges/portuges.ldf
Language: portuges 2008/03/18 v1.2q Portuguese support from the babel system

(/usr/local/texlive/2019/texmf-dist/tex/generic/babel/babel.def
File: babel.def 2019/05/04 3.31 Babel common definitions
\babel@savecnt=\count117
\U@D=\dimen127

(/usr/local/texlive/2019/texmf-dist/tex/generic/babel/txtbabel.def)
\bbl@dirlevel=\count118
)
Package babel Info: Making " an active character on input line 145.
))
(/usr/local/texlive/2019/texmf-dist/tex/latex/base/fontenc.sty
Package: fontenc 2018/08/11 v2.0j Standard LaTeX package

(/usr/local/texlive/2019/texmf-dist/tex/latex/base/t1enc.def
File: t1enc.def 2018/08/11 v2.0j Standard LaTeX file
LaTeX Font Info:    Redeclaring font encoding T1 on input line 48.
))
(/usr/local/texlive/2019/texmf-dist/tex/latex/tools/verbatim.sty
Package: verbatim 2014/10/28 v1.5q LaTeX2e package for verbatim enhancements
\every@verbatim=\toks19
\verbatim@line=\toks20
\verbatim@in@stream=\read1
)
(/usr/local/texlive/2019/texmf-dist/tex/latex/float/float.sty
Package: float 2001/11/08 v1.3d Float enhancements (AL)
\c@float@type=\count119
\float@exts=\toks21
\float@box=\box55
\@float@everytoks=\toks22
\@floatcapt=\box56
)
(./samplepaper.aux (./intro.aux) (./pulse.aux) (./zapLayout.aux) (./prep.aux)
(./analise.aux))
\openout1 = `samplepaper.aux'.

LaTeX Font Info:    Checking defaults for OML/cmm/m/it on input line 37.
LaTeX Font Info:    ... okay on input line 37.
LaTeX Font Info:    Checking defaults for T1/cmr/m/n on input line 37.
LaTeX Font Info:    ... okay on input line 37.
LaTeX Font Info:    Checking defaults for OT1/cmr/m/n on input line 37.
LaTeX Font Info:    ... okay on input line 37.
LaTeX Font Info:    Checking defaults for OMS/cmsy/m/n on input line 37.
LaTeX Font Info:    ... okay on input line 37.
LaTeX Font Info:    Checking defaults for OMX/cmex/m/n on input line 37.
LaTeX Font Info:    ... okay on input line 37.
LaTeX Font Info:    Checking defaults for U/cmr/m/n on input line 37.
LaTeX Font Info:    ... okay on input line 37.

(/usr/local/texlive/2019/texmf-dist/tex/context/base/mkii/supp-pdf.mkii
[Loading MPS to PDF converter (version 2006.09.02).]
\scratchcounter=\count120
\scratchdimen=\dimen128
\scratchbox=\box57
\nofMPsegments=\count121
\nofMParguments=\count122
\everyMPshowfont=\toks23
\MPscratchCnt=\count123
\MPscratchDim=\dimen129
\MPnumerator=\count124
\makeMPintoPDFobject=\count125
\everyMPtoPDFconversion=\toks24
) (/usr/local/texlive/2019/texmf-dist/tex/latex/oberdiek/epstopdf-base.sty
Package: epstopdf-base 2016/05/15 v2.6 Base part for package epstopdf

(/usr/local/texlive/2019/texmf-dist/tex/generic/oberdiek/infwarerr.sty
Package: infwarerr 2016/05/16 v1.4 Providing info/warning/error messages (HO)
)
(/usr/local/texlive/2019/texmf-dist/tex/latex/oberdiek/grfext.sty
Package: grfext 2016/05/16 v1.2 Manage graphics extensions (HO)

(/usr/local/texlive/2019/texmf-dist/tex/generic/oberdiek/kvdefinekeys.sty
Package: kvdefinekeys 2016/05/16 v1.4 Define keys (HO)

(/usr/local/texlive/2019/texmf-dist/tex/generic/oberdiek/ltxcmds.sty
Package: ltxcmds 2016/05/16 v1.23 LaTeX kernel commands for general use (HO)
)))
(/usr/local/texlive/2019/texmf-dist/tex/latex/oberdiek/kvoptions.sty
Package: kvoptions 2016/05/16 v3.12 Key value format for package options (HO)

(/usr/local/texlive/2019/texmf-dist/tex/generic/oberdiek/kvsetkeys.sty
Package: kvsetkeys 2016/05/16 v1.17 Key value parser (HO)

(/usr/local/texlive/2019/texmf-dist/tex/generic/oberdiek/etexcmds.sty
Package: etexcmds 2016/05/16 v1.6 Avoid name clashes with e-TeX commands (HO)

(/usr/local/texlive/2019/texmf-dist/tex/generic/oberdiek/ifluatex.sty
Package: ifluatex 2016/05/16 v1.4 Provides the ifluatex switch (HO)
Package ifluatex Info: LuaTeX not detected.
))))
(/usr/local/texlive/2019/texmf-dist/tex/generic/oberdiek/pdftexcmds.sty
Package: pdftexcmds 2018/09/10 v0.29 Utility functions of pdfTeX for LuaTeX (HO
)

(/usr/local/texlive/2019/texmf-dist/tex/generic/oberdiek/ifpdf.sty
Package: ifpdf 2018/09/07 v3.3 Provides the ifpdf switch
)
Package pdftexcmds Info: LuaTeX not detected.
Package pdftexcmds Info: \pdf@primitive is available.
Package pdftexcmds Info: \pdf@ifprimitive is available.
Package pdftexcmds Info: \pdfdraftmode found.
)
Package epstopdf-base Info: Redefining graphics rule for `.eps' on input line 4
38.
Package grfext Info: Graphics extension search list:
(grfext)             [.pdf,.png,.jpg,.mps,.jpeg,.jbig2,.jb2,.PDF,.PNG,.JPG,.JPE
G,.JBIG2,.JB2,.eps]
(grfext)             \AppendGraphicsExtensions on input line 456.

(/usr/local/texlive/2019/texmf-dist/tex/latex/latexconfig/epstopdf-sys.cfg
File: epstopdf-sys.cfg 2010/07/13 v1.3 Configuration of (r)epstopdf for TeX Liv
e
))
(./title.tex
LaTeX Font Info:    External font `cmex10' loaded for size
(Font)              <7> on input line 16.
LaTeX Font Info:    External font `cmex10' loaded for size
(Font)              <5> on input line 16.

Names of authors too long for running head. Please supply
a shorter form with \authorrunning prior to \maketitle
LaTeX Font Info:    Try loading font information for OMS+cmr on input line 23.
(/usr/local/texlive/2019/texmf-dist/tex/latex/base/omscmr.fd
File: omscmr.fd 2014/09/29 v2.5h Standard LaTeX font definitions
)
LaTeX Font Info:    Font shape `OMS/cmr/m/n' in size <9> not available
(Font)              Font shape `OMS/cmsy/m/n' tried instead on input line 23.
) [1

{/usr/local/texlive/2019/texmf-var/fonts/map/pdftex/updmap/pdftex.map}]
\openout2 = `intro.aux'.

 (./intro.tex)
[2

]
\openout2 = `pulse.aux'.

 (./pulse.tex
<./images/fig52.png, id=15, 1027.84pt x 740.7675pt>
File: ./images/fig52.png Graphic file (type png)
<use ./images/fig52.png>
Package pdftex.def Info: ./images/fig52.png  used on input line 11.
(pdftex.def)             Requested size: 318.6271pt x 229.63554pt.
 [3


 <./images/fig52.png>]
<./images/fig51.png, id=22, 1610.015pt x 1021.8175pt>
File: ./images/fig51.png Graphic file (type png)
<use ./images/fig51.png>
Package pdftex.def Info: ./images/fig51.png  used on input line 23.
(pdftex.def)             Requested size: 338.11313pt x 214.58801pt.
<./images/fig53.png, id=23, 1029.8475pt x 740.7675pt>
File: ./images/fig53.png Graphic file (type png)
<use ./images/fig53.png>
Package pdftex.def Info: ./images/fig53.png  used on input line 33.
(pdftex.def)             Requested size: 319.24944pt x 229.63554pt.

Underfull \vbox (badness 10000) has occurred while \output is active []

 [4 <./images/fig51.png>]
<./images/fig54.png, id=28, 1028.84375pt x 741.77126pt>
File: ./images/fig54.png Graphic file (type png)
<use ./images/fig54.png>
Package pdftex.def Info: ./images/fig54.png  used on input line 43.
(pdftex.def)             Requested size: 318.93826pt x 229.94672pt.
 [5 <./images/fig53.png> <./images/fig54.png>]
<./images/fig49.png, id=34, 1028.84375pt x 742.775pt>
File: ./images/fig49.png Graphic file (type png)
<use ./images/fig49.png>
Package pdftex.def Info: ./images/fig49.png  used on input line 58.
(pdftex.def)             Requested size: 318.93826pt x 230.25786pt.
 [6 <./images/fig49.png>]
<./images/fig50.png, id=39, 1027.84pt x 740.7675pt>
File: ./images/fig50.png Graphic file (type png)
<use ./images/fig50.png>
Package pdftex.def Info: ./images/fig50.png  used on input line 74.
(pdftex.def)             Requested size: 347.12413pt x 142.2619pt.
<./images/fig55.png, id=40, 858.95906pt x 514.17094pt>
File: ./images/fig55.png Graphic file (type png)
<use ./images/fig55.png>
Package pdftex.def Info: ./images/fig55.png  used on input line 85.
(pdftex.def)             Requested size: 266.27455pt x 159.39134pt.

Underfull \vbox (badness 1975) has occurred while \output is active []

 [7 <./images/fig50.png> <./images/fig55.png>]) [8]
\openout2 = `zapLayout.aux'.

 (./zapLayout.tex
Underfull \hbox (badness 10000) in paragraph at lines 14--15

 []


Underfull \hbox (badness 10000) in paragraph at lines 18--19

 []


Underfull \hbox (badness 10000) in paragraph at lines 33--34

 []


Underfull \hbox (badness 10000) in paragraph at lines 38--39

 []

LaTeX Font Info:    External font `cmex10' loaded for size
(Font)              <9> on input line 40.
LaTeX Font Info:    External font `cmex10' loaded for size
(Font)              <6> on input line 40.

Underfull \hbox (badness 10000) in paragraph at lines 43--44

 []


Underfull \hbox (badness 10000) in paragraph at lines 47--48

 []

[9


]
Underfull \hbox (badness 10000) in paragraph at lines 51--52

 []


Underfull \hbox (badness 10000) in paragraph at lines 53--54

 []


Underfull \hbox (badness 10000) in paragraph at lines 55--56

 []


Underfull \hbox (badness 10000) in paragraph at lines 57--58

 []


Underfull \hbox (badness 10000) in paragraph at lines 59--60

 []


Underfull \hbox (badness 10000) in paragraph at lines 61--62

 []


Underfull \hbox (badness 10000) in paragraph at lines 63--64

 []


Underfull \hbox (badness 10000) in paragraph at lines 65--66

 []


Underfull \hbox (badness 10000) in paragraph at lines 67--68

 []


Underfull \hbox (badness 10000) in paragraph at lines 69--70

 []


Underfull \hbox (badness 10000) in paragraph at lines 71--72

 []


Underfull \hbox (badness 10000) in paragraph at lines 76--77

 []


Underfull \hbox (badness 10000) in paragraph at lines 78--79

 []


Underfull \hbox (badness 10000) in paragraph at lines 80--81

 []


Underfull \hbox (badness 10000) in paragraph at lines 82--83

 []


Underfull \hbox (badness 10000) in paragraph at lines 84--85

 []

LaTeX Font Info:    Font shape `OMS/cmr/m/n' in size <10> not available
(Font)              Font shape `OMS/cmsy/m/n' tried instead on input line 90.
[10]
Underfull \hbox (badness 10000) in paragraph at lines 100--101

 []


Underfull \hbox (badness 10000) in paragraph at lines 101--102

 []


Underfull \hbox (badness 10000) in paragraph at lines 102--103

 []


Underfull \hbox (badness 10000) in paragraph at lines 108--109

 []


Underfull \hbox (badness 10000) in paragraph at lines 113--114

 []


Underfull \hbox (badness 10000) in paragraph at lines 114--115

 []


Underfull \hbox (badness 10000) in paragraph at lines 115--116

 []


Underfull \hbox (badness 10000) in paragraph at lines 116--117

 []

[11]
Underfull \hbox (badness 10000) in paragraph at lines 117--118

 []


Underfull \hbox (badness 10000) in paragraph at lines 118--119

 []


Underfull \hbox (badness 10000) in paragraph at lines 124--125

 []


Underfull \hbox (badness 10000) in paragraph at lines 127--128

 []


Underfull \hbox (badness 10000) in paragraph at lines 131--133

 []


Underfull \hbox (badness 10000) in paragraph at lines 131--133

 []


Underfull \hbox (badness 10000) in paragraph at lines 133--134

 []

<./images/fig18.png, id=62, 1114.1625pt x 144.54pt>
File: ./images/fig18.png Graphic file (type png)
<use ./images/fig18.png>
Package pdftex.def Info: ./images/fig18.png  used on input line 139.
(pdftex.def)             Requested size: 345.38681pt x 44.80693pt.
[12 <./images/fig18.png>]
Underfull \hbox (badness 10000) in paragraph at lines 155--156

 []


Underfull \hbox (badness 10000) in paragraph at lines 157--158

 []


Underfull \hbox (badness 10000) in paragraph at lines 160--162

 []


Underfull \hbox (badness 10000) in paragraph at lines 160--162

 []

<./images/fig19.png, id=67, 635.37375pt x 389.455pt>
File: ./images/fig19.png Graphic file (type png)
<use ./images/fig19.png>
Package pdftex.def Info: ./images/fig19.png  used on input line 170.
(pdftex.def)             Requested size: 196.96382pt x 120.7298pt.
<./images/fig20.png, id=68, 810.02625pt x 386.44376pt>
File: ./images/fig20.png Graphic file (type png)
<use ./images/fig20.png>
Package pdftex.def Info: ./images/fig20.png  used on input line 182.
(pdftex.def)             Requested size: 251.10553pt x 119.79633pt.
[13 <./images/fig19.png>]
<./images/fig21.png, id=74, 1445.4pt x 378.41376pt>
File: ./images/fig21.png Graphic file (type png)
<use ./images/fig21.png>
Package pdftex.def Info: ./images/fig21.png  used on input line 212.
(pdftex.def)             Requested size: 448.06937pt x 117.30704pt.

Overfull \hbox (100.94583pt too wide) in paragraph at lines 212--213
 [][] 
 []

) [14 <./images/fig20.png> <./images/fig21.png>]
\openout2 = `prep.aux'.

 (./prep.tex
<./images/fig1.png, id=80, 722.7pt x 337.26pt>
File: ./images/fig1.png Graphic file (type png)
<use ./images/fig1.png>
Package pdftex.def Info: ./images/fig1.png  used on input line 16.
(pdftex.def)             Requested size: 224.03468pt x 104.54951pt.
<./images/fig2.png, id=81, 721.69624pt x 152.57pt>
File: ./images/fig2.png Graphic file (type png)
<use ./images/fig2.png>
Package pdftex.def Info: ./images/fig2.png  used on input line 26.
(pdftex.def)             Requested size: 223.72353pt x 47.2962pt.
<./images/fig3.png, id=82, 721.69624pt x 44.165pt>
File: ./images/fig3.png Graphic file (type png)
<use ./images/fig3.png>
Package pdftex.def Info: ./images/fig3.png  used on input line 40.
(pdftex.def)             Requested size: 223.72353pt x 13.691pt.
<./images/fig4.png, id=83, 725.71124pt x 44.165pt>
File: ./images/fig4.png Graphic file (type png)
<use ./images/fig4.png>
Package pdftex.def Info: ./images/fig4.png  used on input line 50.
(pdftex.def)             Requested size: 224.96815pt x 13.691pt.
 [15


 <./images/fig1.png> <./images/fig2.png> <./images/fig3.png>]
<./images/fig5.png, id=90, 1445.4pt x 703.62875pt>
File: ./images/fig5.png Graphic file (type png)
<use ./images/fig5.png>
Package pdftex.def Info: ./images/fig5.png  used on input line 62.
(pdftex.def)             Requested size: 448.06937pt x 218.12265pt.

Overfull \hbox (100.94583pt too wide) in paragraph at lines 62--63
 [][] 
 []


Overfull \hbox (24.56041pt too wide) in paragraph at lines 69--70
[]\T1/cmr/m/n/10 Por fim po-de-mos ace-der ao site usando o URL \T1/cmr/m/it/10
 "http://172.16.161.137/mutillidae/"
 []

<./images/fig6.png, id=91, 1445.4pt x 903.375pt>
File: ./images/fig6.png Graphic file (type png)
<use ./images/fig6.png>
Package pdftex.def Info: ./images/fig6.png  used on input line 75.
(pdftex.def)             Requested size: 448.06937pt x 280.04335pt.

Overfull \hbox (100.94583pt too wide) in paragraph at lines 75--76
 [][] 
 []


Underfull \vbox (badness 10000) has occurred while \output is active []

 [16 <./images/fig4.png> <./images/fig5.png>]
<./images/fig7.png, id=97, 699.61375pt x 798.985pt>
File: ./images/fig7.png Graphic file (type png)
<use ./images/fig7.png>
Package pdftex.def Info: ./images/fig7.png  used on input line 89.
(pdftex.def)             Requested size: 216.87802pt x 247.68279pt.

Underfull \vbox (badness 10000) has occurred while \output is active []

 [17 <./images/fig6.png>]
<./images/fig8.png, id=102, 752.8125pt x 585.18625pt>
File: ./images/fig8.png Graphic file (type png)
<use ./images/fig8.png>
Package pdftex.def Info: ./images/fig8.png  used on input line 101.
(pdftex.def)             Requested size: 233.36946pt x 181.40585pt.

Underfull \vbox (badness 10000) has occurred while \output is active []

 [18 <./images/fig7.png>]
<./images/fig9.png, id=107, 1445.4pt x 903.375pt>
File: ./images/fig9.png Graphic file (type png)
<use ./images/fig9.png>
Package pdftex.def Info: ./images/fig9.png  used on input line 113.
(pdftex.def)             Requested size: 448.06937pt x 280.04335pt.

Overfull \hbox (100.94583pt too wide) in paragraph at lines 113--114
 [][] 
 []

<./images/fig10.png, id=108, 539.01375pt x 353.32pt>
File: ./images/fig10.png Graphic file (type png)
<use ./images/fig10.png>
Package pdftex.def Info: ./images/fig10.png  used on input line 122.
(pdftex.def)             Requested size: 167.09253pt x 109.52806pt.

Underfull \vbox (badness 10000) has occurred while \output is active []

 [19 <./images/fig8.png>]) [20 <./images/fig9.png> <./images/fig10.png>]
\openout2 = `analise.aux'.

 (./analise.tex
Underfull \hbox (badness 10000) in paragraph at lines 4--5

 []

<./images/fig11.png, id=119, 1139.25626pt x 621.32124pt>
File: ./images/fig11.png Graphic file (type png)
<use ./images/fig11.png>
Package pdftex.def Info: ./images/fig11.png  used on input line 49.
(pdftex.def)             Requested size: 353.16579pt x 192.60759pt.

Overfull \hbox (6.04225pt too wide) in paragraph at lines 49--50
 [][] 
 []

<./images/fig12_1.png, id=120, 509.905pt x 263.98625pt>
File: ./images/fig12_1.png Graphic file (type png)
<use ./images/fig12_1.png>
Package pdftex.def Info: ./images/fig12_1.png  used on input line 60.
(pdftex.def)             Requested size: 158.06891pt x 81.83488pt.
<./images/fig12_2.png, id=121, 511.9125pt x 266.9975pt>
File: ./images/fig12_2.png Graphic file (type png)
<use ./images/fig12_2.png>
Package pdftex.def Info: ./images/fig12_2.png  used on input line 61.
(pdftex.def)             Requested size: 158.69124pt x 82.76836pt.
<./images/fig12_3.png, id=122, 519.9425pt x 203.76125pt>
File: ./images/fig12_3.png Graphic file (type png)
<use ./images/fig12_3.png>
Package pdftex.def Info: ./images/fig12_3.png  used on input line 62.
(pdftex.def)             Requested size: 161.18051pt x 63.16533pt.
[21


 <./images/fig11.png>]
<./images/fig12_4.png, id=127, 397.485pt x 270.00874pt>
File: ./images/fig12_4.png Graphic file (type png)
<use ./images/fig12_4.png>
Package pdftex.def Info: ./images/fig12_4.png  used on input line 75.
(pdftex.def)             Requested size: 123.21907pt x 83.70183pt.
<./images/fig22.png, id=128, 495.8525pt x 240.9pt>
File: ./images/fig22.png Graphic file (type png)
<use ./images/fig22.png>
Package pdftex.def Info: ./images/fig22.png  used on input line 92.
(pdftex.def)             Requested size: 153.71268pt x 74.67822pt.
<./images/fig23.png, id=129, 485.815pt x 307.1475pt>
File: ./images/fig23.png Graphic file (type png)
<use ./images/fig23.png>
Package pdftex.def Info: ./images/fig23.png  used on input line 101.
(pdftex.def)             Requested size: 150.60109pt x 95.21474pt.

Underfull \vbox (badness 10000) has occurred while \output is active []

 [22 <./images/fig12_1.png> <./images/fig12_2.png> <./images/fig12_3.png> <./im
ages/fig12_4.png>]
<./images/fig24.png, id=137, 1445.4pt x 903.375pt>
File: ./images/fig24.png Graphic file (type png)
<use ./images/fig24.png>
Package pdftex.def Info: ./images/fig24.png  used on input line 113.
(pdftex.def)             Requested size: 448.06937pt x 280.04335pt.

Overfull \hbox (100.94583pt too wide) in paragraph at lines 113--114
 [][] 
 []


Underfull \vbox (badness 10000) has occurred while \output is active []

 [23 <./images/fig22.png> <./images/fig23.png>]
<./images/fig26.png, id=143, 1445.4pt x 903.375pt>
File: ./images/fig26.png Graphic file (type png)
<use ./images/fig26.png>
Package pdftex.def Info: ./images/fig26.png  used on input line 125.
(pdftex.def)             Requested size: 448.06937pt x 280.04335pt.

Overfull \hbox (100.94583pt too wide) in paragraph at lines 125--126
 [][] 
 []


Underfull \vbox (badness 10000) has occurred while \output is active []

 [24 <./images/fig24.png>]
<./images/fig28.png, id=148, 1445.4pt x 500.87125pt>
File: ./images/fig28.png Graphic file (type png)
<use ./images/fig28.png>
Package pdftex.def Info: ./images/fig28.png  used on input line 137.
(pdftex.def)             Requested size: 448.06937pt x 155.26848pt.

Overfull \hbox (100.94583pt too wide) in paragraph at lines 137--138
 [][] 
 []

<./images/fig29.png, id=149, 1445.4pt x 830.10126pt>
File: ./images/fig29.png Graphic file (type png)
<use ./images/fig29.png>
Package pdftex.def Info: ./images/fig29.png  used on input line 146.
(pdftex.def)             Requested size: 448.06937pt x 257.32874pt.

Overfull \hbox (100.94583pt too wide) in paragraph at lines 146--147
 [][] 
 []


Underfull \vbox (badness 10000) has occurred while \output is active []

 [25 <./images/fig26.png>]
Underfull \vbox (badness 10000) has occurred while \output is active []

 [26 <./images/fig28.png> <./images/fig29.png>]
<./images/fig34.png, id=160, 1445.4pt x 903.375pt>
File: ./images/fig34.png Graphic file (type png)
<use ./images/fig34.png>
Package pdftex.def Info: ./images/fig34.png  used on input line 164.
(pdftex.def)             Requested size: 448.06937pt x 280.04335pt.

Overfull \hbox (100.94583pt too wide) in paragraph at lines 164--165
 [][] 
 []

<./images/fig17.png, id=161, 399.4925pt x 492.84125pt>
File: ./images/fig17.png Graphic file (type png)
<use ./images/fig17.png>
Package pdftex.def Info: ./images/fig17.png  used on input line 177.
(pdftex.def)             Requested size: 123.84138pt x 152.77919pt.

Underfull \vbox (badness 10000) has occurred while \output is active []

 [27 <./images/fig34.png>]
Overfull \hbox (2.13562pt too wide) in paragraph at lines 189--192
 \T1/cmr/bx/n/10 3.3.4 Ma-pe-a-mento de web-si-tes com au-ten-ti-ca-ção de uti-
li-za-dor usando
 []


Underfull \hbox (badness 10000) in paragraph at lines 189--192

 []

<./images/fig35.png, id=166, 1153.30875pt x 289.08pt>
File: ./images/fig35.png Graphic file (type png)
<use ./images/fig35.png>
Package pdftex.def Info: ./images/fig35.png  used on input line 197.
(pdftex.def)             Requested size: 357.52202pt x 89.61386pt.

Overfull \hbox (10.39848pt too wide) in paragraph at lines 197--198
 [][] 
 []

<./images/fig36.png, id=167, 1445.4pt x 903.375pt>
File: ./images/fig36.png Graphic file (type png)
<use ./images/fig36.png>
Package pdftex.def Info: ./images/fig36.png  used on input line 209.
(pdftex.def)             Requested size: 448.06937pt x 280.04335pt.

Overfull \hbox (100.94583pt too wide) in paragraph at lines 209--210
 [][] 
 []

[28 <./images/fig17.png> <./images/fig35.png>]
<./images/fig37.png, id=173, 1445.4pt x 903.375pt>
File: ./images/fig37.png Graphic file (type png)
<use ./images/fig37.png>
Package pdftex.def Info: ./images/fig37.png  used on input line 221.
(pdftex.def)             Requested size: 448.06937pt x 280.04335pt.

Overfull \hbox (100.94583pt too wide) in paragraph at lines 221--222
 [][] 
 []


Underfull \vbox (badness 10000) has occurred while \output is active []

 [29 <./images/fig36.png>]
<./images/fig39.png, id=178, 525.965pt x 354.32375pt>
File: ./images/fig39.png Graphic file (type png)
<use ./images/fig39.png>
Package pdftex.def Info: ./images/fig39.png  used on input line 250.
(pdftex.def)             Requested size: 163.04745pt x 109.83922pt.
<./images/fig40.png, id=179, 1440.38126pt x 352.31625pt>
File: ./images/fig40.png Graphic file (type png)
<use ./images/fig40.png>
Package pdftex.def Info: ./images/fig40.png  used on input line 263.
(pdftex.def)             Requested size: 446.51358pt x 109.2169pt.

Overfull \hbox (99.39005pt too wide) in paragraph at lines 263--264
 [][] 
 []

[30 <./images/fig37.png> <./images/fig39.png>]
<./images/fig41.png, id=185, 1445.4pt x 903.375pt>
File: ./images/fig41.png Graphic file (type png)
<use ./images/fig41.png>
Package pdftex.def Info: ./images/fig41.png  used on input line 277.
(pdftex.def)             Requested size: 448.06937pt x 280.04335pt.

Overfull \hbox (100.94583pt too wide) in paragraph at lines 277--278
 [][] 
 []


Underfull \vbox (badness 10000) has occurred while \output is active []

 [31 <./images/fig40.png>]
<./images/fig42.png, id=191, 1445.4pt x 903.375pt>
File: ./images/fig42.png Graphic file (type png)
<use ./images/fig42.png>
Package pdftex.def Info: ./images/fig42.png  used on input line 291.
(pdftex.def)             Requested size: 448.06937pt x 280.04335pt.

Overfull \hbox (100.94583pt too wide) in paragraph at lines 291--292
 [][] 
 []


Underfull \vbox (badness 10000) has occurred while \output is active []

 [32 <./images/fig41.png>]
<./images/fig43.png, id=196, 371.3875pt x 211.79124pt>
File: ./images/fig43.png Graphic file (type png)
<use ./images/fig43.png>
Package pdftex.def Info: ./images/fig43.png  used on input line 303.
(pdftex.def)             Requested size: 115.12892pt x 65.6546pt.
<./images/fig44.png, id=197, 1445.4pt x 903.375pt>
File: ./images/fig44.png Graphic file (type png)
<use ./images/fig44.png>
Package pdftex.def Info: ./images/fig44.png  used on input line 312.
(pdftex.def)             Requested size: 448.06937pt x 280.04335pt.

Overfull \hbox (100.94583pt too wide) in paragraph at lines 312--313
 [][] 
 []


Underfull \vbox (badness 10000) has occurred while \output is active []

 [33 <./images/fig42.png> <./images/fig43.png>]
<./images/fig30.png, id=203, 1445.4pt x 903.375pt>
File: ./images/fig30.png Graphic file (type png)
<use ./images/fig30.png>
Package pdftex.def Info: ./images/fig30.png  used on input line 335.
(pdftex.def)             Requested size: 448.06937pt x 280.04335pt.

Overfull \hbox (100.94583pt too wide) in paragraph at lines 335--336
 [][] 
 []

[34 <./images/fig44.png>]
<./images/fig31.png, id=208, 1445.4pt x 903.375pt>
File: ./images/fig31.png Graphic file (type png)
<use ./images/fig31.png>
Package pdftex.def Info: ./images/fig31.png  used on input line 347.
(pdftex.def)             Requested size: 448.06937pt x 280.04335pt.

Overfull \hbox (100.94583pt too wide) in paragraph at lines 347--348
 [][] 
 []

<./images/fig32.png, id=209, 1445.4pt x 903.375pt>
File: ./images/fig32.png Graphic file (type png)
<use ./images/fig32.png>
Package pdftex.def Info: ./images/fig32.png  used on input line 356.
(pdftex.def)             Requested size: 448.06937pt x 280.04335pt.

Overfull \hbox (100.94583pt too wide) in paragraph at lines 356--357
 [][] 
 []


Underfull \vbox (badness 10000) has occurred while \output is active []

 [35 <./images/fig30.png>]
Underfull \vbox (badness 10000) has occurred while \output is active []

 [36 <./images/fig31.png>]
<./images/fig33.png, id=218, 1445.4pt x 903.375pt>
File: ./images/fig33.png Graphic file (type png)
<use ./images/fig33.png>
Package pdftex.def Info: ./images/fig33.png  used on input line 367.
(pdftex.def)             Requested size: 448.06937pt x 280.04335pt.

Overfull \hbox (100.94583pt too wide) in paragraph at lines 367--368
 [][] 
 []


Underfull \vbox (badness 10000) has occurred while \output is active []

 [37 <./images/fig32.png>]
<./images/fig45.png, id=224, 1152.305pt x 665.48625pt>
File: ./images/fig45.png Graphic file (type png)
<use ./images/fig45.png>
Package pdftex.def Info: ./images/fig45.png  used on input line 386.
(pdftex.def)             Requested size: 357.21086pt x 206.2986pt.

Overfull \hbox (10.08733pt too wide) in paragraph at lines 386--387
 [][] 
 []


Underfull \vbox (badness 10000) has occurred while \output is active []

 [38 <./images/fig33.png>]
<./images/fig46.png, id=229, 1157.32375pt x 671.50874pt>
File: ./images/fig46.png Graphic file (type png)
<use ./images/fig46.png>
Package pdftex.def Info: ./images/fig46.png  used on input line 400.
(pdftex.def)             Requested size: 358.76665pt x 208.16556pt.

Overfull \hbox (11.64311pt too wide) in paragraph at lines 400--401
 [][] 
 []


Underfull \vbox (badness 10000) has occurred while \output is active []

 [39 <./images/fig45.png>]
<./images/fig47.png, id=234, 1153.30875pt x 664.4825pt>
File: ./images/fig47.png Graphic file (type png)
<use ./images/fig47.png>
Package pdftex.def Info: ./images/fig47.png  used on input line 413.
(pdftex.def)             Requested size: 357.52202pt x 205.98744pt.

Overfull \hbox (10.39848pt too wide) in paragraph at lines 413--414
 [][] 
 []


Overfull \hbox (49.81546pt too wide) in paragraph at lines 419--420
\T1/cmr/m/n/10 caso para me-lhor vi-su-a-li-za-ção va-mos usar o se-guinte có-d
igo: \T1/cmr/m/it/10 <script>alert('XSS');</script> 
 []

<./images/fig48.png, id=235, 1445.4pt x 903.375pt>
File: ./images/fig48.png Graphic file (type png)
<use ./images/fig48.png>
Package pdftex.def Info: ./images/fig48.png  used on input line 425.
(pdftex.def)             Requested size: 448.06937pt x 280.04335pt.

Overfull \hbox (100.94583pt too wide) in paragraph at lines 425--426
 [][] 
 []

[40 <./images/fig46.png> <./images/fig47.png>]
<./images/fig13.png, id=241, 1143.27126pt x 640.3925pt>
File: ./images/fig13.png Graphic file (type png)
<use ./images/fig13.png>
Package pdftex.def Info: ./images/fig13.png  used on input line 444.
(pdftex.def)             Requested size: 354.41043pt x 198.51962pt.

Overfull \hbox (7.2869pt too wide) in paragraph at lines 444--445
 [][] 
 []


Underfull \vbox (badness 10000) has occurred while \output is active []

 [41 <./images/fig48.png>]
<./images/fig14.png, id=246, 1440.38126pt x 327.2225pt>
File: ./images/fig14.png Graphic file (type png)
<use ./images/fig14.png>
Package pdftex.def Info: ./images/fig14.png  used on input line 455.
(pdftex.def)             Requested size: 446.51358pt x 101.43791pt.

Overfull \hbox (99.39005pt too wide) in paragraph at lines 455--456
 [][] 
 []

[42 <./images/fig13.png> <./images/fig14.png>]
<./images/fig15_1.png, id=252, 1445.4pt x 903.375pt>
File: ./images/fig15_1.png Graphic file (type png)
<use ./images/fig15_1.png>
Package pdftex.def Info: ./images/fig15_1.png  used on input line 476.
(pdftex.def)             Requested size: 448.06937pt x 280.04335pt.

Overfull \hbox (100.94583pt too wide) in paragraph at lines 476--477
 [][] 
 []

<./images/fig15_2.png, id=253, 1445.4pt x 396.48125pt>
File: ./images/fig15_2.png Graphic file (type png)
<use ./images/fig15_2.png>
Package pdftex.def Info: ./images/fig15_2.png  used on input line 485.
(pdftex.def)             Requested size: 448.06937pt x 122.90791pt.

Overfull \hbox (100.94583pt too wide) in paragraph at lines 485--486
 [][] 
 []

<./images/fig16.png, id=254, 1445.4pt x 172.645pt>
File: ./images/fig16.png Graphic file (type png)
<use ./images/fig16.png>
Package pdftex.def Info: ./images/fig16.png  used on input line 494.
(pdftex.def)             Requested size: 448.06937pt x 53.51938pt.

Overfull \hbox (100.94583pt too wide) in paragraph at lines 494--495
 [][] 
 []

[43 <./images/fig15_1.png> <./images/fig15_2.png>]) [44 <./images/fig16.png>]
[45

] (./samplepaper.aux (./intro.aux) (./pulse.aux) (./zapLayout.aux)
(./prep.aux) (./analise.aux)) ) 
Here is how much of TeX's memory you used:
 3079 strings out of 492616
 42988 string characters out of 6129481
 122075 words of memory out of 5000000
 6867 multiletter control sequences out of 15000+600000
 13846 words of font info for 31 fonts, out of 8000000 for 9000
 1141 hyphenation exceptions out of 8191
 41i,9n,25p,915b,373s stack positions out of 5000i,500n,10000p,200000b,80000s
{/usr/local/texlive/2019/texmf-dist/fonts/enc/dv
ips/cm-super/cm-super-t1.enc}</usr/local/texlive/2019/texmf-dist/fonts/type1/pu
blic/amsfonts/cm/cmsy10.pfb></usr/local/texlive/2019/texmf-dist/fonts/type1/pub
lic/amsfonts/cm/cmsy9.pfb></usr/local/texlive/2019/texmf-dist/fonts/type1/publi
c/cm-super/sfbx0900.pfb></usr/local/texlive/2019/texmf-dist/fonts/type1/public/
cm-super/sfbx1000.pfb></usr/local/texlive/2019/texmf-dist/fonts/type1/public/cm
-super/sfbx1200.pfb></usr/local/texlive/2019/texmf-dist/fonts/type1/public/cm-s
uper/sfbx1440.pfb></usr/local/texlive/2019/texmf-dist/fonts/type1/public/cm-sup
er/sfrm0600.pfb></usr/local/texlive/2019/texmf-dist/fonts/type1/public/cm-super
/sfrm0700.pfb></usr/local/texlive/2019/texmf-dist/fonts/type1/public/cm-super/s
frm0900.pfb></usr/local/texlive/2019/texmf-dist/fonts/type1/public/cm-super/sfr
m1000.pfb></usr/local/texlive/2019/texmf-dist/fonts/type1/public/cm-super/sfti1
000.pfb>
Output written on samplepaper.pdf (45 pages, 7796048 bytes).
PDF statistics:
 308 PDF objects out of 1000 (max. 8388607)
 137 compressed objects within 2 object streams
 0 named destinations out of 1000 (max. 500000)
 281 words of extra memory for PDF output out of 10000 (max. 10000000)

