This is XeTeX, Version 3.14159265-2.6-0.99998 (TeX Live 2017/Debian) (preloaded format=xelatex 2019.10.15)  26 MAR 2020 00:42
entering extended mode
 restricted \write18 enabled.
 %&-line parsing enabled.
**samplepaper.tex
(./samplepaper.tex
LaTeX2e <2017-04-15>
Babel <3.18> and hyphenation patterns for 8 language(s) loaded.
(./llncs.cls
Document Class: llncs 2018/03/10 v2.20 
 LaTeX document class for Lecture Notes in Computer Science
(/usr/share/texlive/texmf-dist/tex/latex/base/article.cls
Document Class: article 2014/09/29 v1.4h Standard LaTeX document class
(/usr/share/texlive/texmf-dist/tex/latex/base/size10.clo
File: size10.clo 2014/09/29 v1.4h Standard LaTeX file (size option)
)
\c@part=\count79
\c@section=\count80
\c@subsection=\count81
\c@subsubsection=\count82
\c@paragraph=\count83
\c@subparagraph=\count84
\c@figure=\count85
\c@table=\count86
\abovecaptionskip=\skip41
\belowcaptionskip=\skip42
\bibindent=\dimen102
)
(/usr/share/texlive/texmf-dist/tex/latex/tools/multicol.sty
Package: multicol 2017/04/11 v1.8q multicolumn formatting (FMi)
\c@tracingmulticols=\count87
\mult@box=\box26
\multicol@leftmargin=\dimen103
\c@unbalance=\count88
\c@collectmore=\count89
\doublecol@number=\count90
\multicoltolerance=\count91
\multicolpretolerance=\count92
\full@width=\dimen104
\page@free=\dimen105
\premulticols=\dimen106
\postmulticols=\dimen107
\multicolsep=\skip43
\multicolbaselineskip=\skip44
\partial@page=\box27
\last@line=\box28
\maxbalancingoverflow=\dimen108
\mult@rightbox=\box29
\mult@grightbox=\box30
\mult@gfirstbox=\box31
\mult@firstbox=\box32
\@tempa=\box33
\@tempa=\box34
\@tempa=\box35
\@tempa=\box36
\@tempa=\box37
\@tempa=\box38
\@tempa=\box39
\@tempa=\box40
\@tempa=\box41
\@tempa=\box42
\@tempa=\box43
\@tempa=\box44
\@tempa=\box45
\@tempa=\box46
\@tempa=\box47
\@tempa=\box48
\@tempa=\box49
\c@columnbadness=\count93
\c@finalcolumnbadness=\count94
\last@try=\dimen109
\multicolovershoot=\dimen110
\multicolundershoot=\dimen111
\mult@nat@firstbox=\box50
\colbreak@box=\box51
\mc@col@check@num=\count95
)
(/usr/share/texlive/texmf-dist/tex/latex/oberdiek/aliascnt.sty
Package: aliascnt 2016/05/16 v1.4 Alias counters (HO)

(/usr/share/texlive/texmf-dist/tex/latex/carlisle/remreset.sty))
\c@chapter=\count96
LaTeX Font Info:    Redeclaring math symbol \Gamma on input line 362.
LaTeX Font Info:    Redeclaring math symbol \Delta on input line 363.
LaTeX Font Info:    Redeclaring math symbol \Theta on input line 364.
LaTeX Font Info:    Redeclaring math symbol \Lambda on input line 365.
LaTeX Font Info:    Redeclaring math symbol \Xi on input line 366.
LaTeX Font Info:    Redeclaring math symbol \Pi on input line 367.
LaTeX Font Info:    Redeclaring math symbol \Sigma on input line 368.
LaTeX Font Info:    Redeclaring math symbol \Upsilon on input line 369.
LaTeX Font Info:    Redeclaring math symbol \Phi on input line 370.
LaTeX Font Info:    Redeclaring math symbol \Psi on input line 371.
LaTeX Font Info:    Redeclaring math symbol \Omega on input line 372.
\tocchpnum=\dimen112
\tocsecnum=\dimen113
\tocsectotal=\dimen114
\tocsubsecnum=\dimen115
\tocsubsectotal=\dimen116
\tocsubsubsecnum=\dimen117
\tocsubsubsectotal=\dimen118
\tocparanum=\dimen119
\tocparatotal=\dimen120
\tocsubparanum=\dimen121
\@tempcntc=\count97
\fnindent=\dimen122
\c@@inst=\count98
\c@@auth=\count99
\c@auco=\count100
\instindent=\dimen123
\authrun=\box52
\authorrunning=\toks14
\tocauthor=\toks15
\titrun=\box53
\titlerunning=\toks16
\toctitle=\toks17
\c@theorem=\count101
\c@case=\count102
\c@conjecture=\count103
\c@corollary=\count104
\c@definition=\count105
\c@example=\count106
\c@exercise=\count107
\c@lemma=\count108
\c@note=\count109
\c@problem=\count110
\c@property=\count111
\c@proposition=\count112
\c@question=\count113
\c@solution=\count114
\c@remark=\count115
\headlineindent=\dimen124
)
(/usr/share/texlive/texmf-dist/tex/latex/graphics/graphicx.sty
Package: graphicx 2017/06/01 v1.1a Enhanced LaTeX Graphics (DPC,SPQR)

(/usr/share/texlive/texmf-dist/tex/latex/graphics/keyval.sty
Package: keyval 2014/10/28 v1.15 key=value parser (DPC)
\KV@toks@=\toks18
)
(/usr/share/texlive/texmf-dist/tex/latex/graphics/graphics.sty
Package: graphics 2017/06/25 v1.2c Standard LaTeX Graphics (DPC,SPQR)

(/usr/share/texlive/texmf-dist/tex/latex/graphics/trig.sty
Package: trig 2016/01/03 v1.10 sin cos tan (DPC)
)
(/usr/share/texlive/texmf-dist/tex/latex/graphics-cfg/graphics.cfg
File: graphics.cfg 2016/06/04 v1.11 sample graphics configuration
)
Package graphics Info: Driver file: xetex.def on input line 99.

(/usr/share/texlive/texmf-dist/tex/latex/graphics-def/xetex.def
File: xetex.def 2017/06/24 v5.0h Graphics/color driver for xetex
))
\Gin@req@height=\dimen125
\Gin@req@width=\dimen126
)
(/usr/share/texlive/texmf-dist/tex/generic/babel/babel.sty
Package: babel 2018/02/14 3.18 The Babel package

(/usr/share/texlive/texmf-dist/tex/generic/babel/switch.def
File: switch.def 2018/02/14 3.18 Babel switching mechanism
)
(/usr/share/texlive/texmf-dist/tex/generic/babel-portuges/portuges.ldf
Language: portuges 2008/03/18 v1.2q Portuguese support from the babel system

(/usr/share/texlive/texmf-dist/tex/generic/babel/babel.def
File: babel.def 2018/02/14 3.18 Babel common definitions
\babel@savecnt=\count116
\U@D=\dimen127

(/usr/share/texlive/texmf-dist/tex/generic/babel/xebabel.def
(/usr/share/texlive/texmf-dist/tex/generic/babel/txtbabel.def))
\bbl@dirlevel=\count117
)
Package babel Info: Making " an active character on input line 145.
))
(/usr/share/texlive/texmf-dist/tex/latex/base/fontenc.sty
Package: fontenc 2017/04/05 v2.0i Standard LaTeX package

(/usr/share/texlive/texmf-dist/tex/latex/base/t1enc.def
File: t1enc.def 2017/04/05 v2.0i Standard LaTeX file
LaTeX Font Info:    Redeclaring font encoding T1 on input line 48.
)
LaTeX Font Info:    Try loading font information for T1+lmr on input line 105.

(/usr/share/texmf/tex/latex/lm/t1lmr.fd
File: t1lmr.fd 2009/10/30 v1.6 Font defs for Latin Modern
))
(/usr/share/texlive/texmf-dist/tex/latex/tools/verbatim.sty
Package: verbatim 2014/10/28 v1.5q LaTeX2e package for verbatim enhancements
\every@verbatim=\toks19
\verbatim@line=\toks20
\verbatim@in@stream=\read1
)
(/usr/share/texlive/texmf-dist/tex/latex/float/float.sty
Package: float 2001/11/08 v1.3d Float enhancements (AL)
\c@float@type=\count118
\float@exts=\toks21
\float@box=\box54
\@float@everytoks=\toks22
\@floatcapt=\box55
)
(/usr/share/texlive/texmf-dist/tex/latex/listings/listings.sty
\lst@mode=\count119
\lst@gtempboxa=\box56
\lst@token=\toks23
\lst@length=\count120
\lst@currlwidth=\dimen128
\lst@column=\count121
\lst@pos=\count122
\lst@lostspace=\dimen129
\lst@width=\dimen130
\lst@newlines=\count123
\lst@lineno=\count124
\lst@maxwidth=\dimen131

(/usr/share/texlive/texmf-dist/tex/latex/listings/lstmisc.sty
File: lstmisc.sty 2015/06/04 1.6 (Carsten Heinz)
\c@lstnumber=\count125
\lst@skipnumbers=\count126
\lst@framebox=\box57
)
(/usr/share/texlive/texmf-dist/tex/latex/listings/listings.cfg
File: listings.cfg 2015/06/04 1.6 listings configuration
))
Package: listings 2015/06/04 1.6 (Carsten Heinz)

(./samplepaper.aux

LaTeX Warning: Label `fig02' multiply defined.


LaTeX Warning: Label `fig02' multiply defined.


LaTeX Warning: Label `fig02' multiply defined.


LaTeX Warning: Label `fig02' multiply defined.


LaTeX Warning: Label `fig02' multiply defined.


LaTeX Warning: Label `fig02' multiply defined.


LaTeX Warning: Label `fig02' multiply defined.


LaTeX Warning: Label `fig02' multiply defined.


LaTeX Warning: Label `fig02' multiply defined.


LaTeX Warning: Label `fig02' multiply defined.


LaTeX Warning: Label `fig02' multiply defined.


LaTeX Warning: Label `fig02' multiply defined.


LaTeX Warning: Label `fig02' multiply defined.


LaTeX Warning: Label `fig02' multiply defined.


LaTeX Warning: Label `fig02' multiply defined.


LaTeX Warning: Label `fig02' multiply defined.


LaTeX Warning: Label `fig02' multiply defined.


LaTeX Warning: Label `fig02' multiply defined.

)
\openout1 = `samplepaper.aux'.

LaTeX Font Info:    Checking defaults for OML/cmm/m/it on input line 38.
LaTeX Font Info:    ... okay on input line 38.
LaTeX Font Info:    Checking defaults for T1/cmr/m/n on input line 38.
LaTeX Font Info:    ... okay on input line 38.
LaTeX Font Info:    Checking defaults for OT1/cmr/m/n on input line 38.
LaTeX Font Info:    ... okay on input line 38.
LaTeX Font Info:    Checking defaults for OMS/cmsy/m/n on input line 38.
LaTeX Font Info:    ... okay on input line 38.
LaTeX Font Info:    Checking defaults for TU/lmr/m/n on input line 38.
LaTeX Font Info:    ... okay on input line 38.
LaTeX Font Info:    Checking defaults for OMX/cmex/m/n on input line 38.
LaTeX Font Info:    ... okay on input line 38.
LaTeX Font Info:    Checking defaults for U/cmr/m/n on input line 38.
LaTeX Font Info:    ... okay on input line 38.
\c@lstlisting=\count127
 (./title.tex
LaTeX Font Info:    External font `cmex10' loaded for size
(Font)              <7> on input line 16.
LaTeX Font Info:    External font `cmex10' loaded for size
(Font)              <5> on input line 16.
LaTeX Font Info:    Try loading font information for OMS+lmr on input line 21.
 (/usr/share/texmf/tex/latex/lm/omslmr.fd
File: omslmr.fd 2009/10/30 v1.6 Font defs for Latin Modern
)
LaTeX Font Info:    Try loading font information for OMS+lmsy on input line 21.


(/usr/share/texmf/tex/latex/lm/omslmsy.fd
File: omslmsy.fd 2009/10/30 v1.6 Font defs for Latin Modern
)
LaTeX Font Info:    Font shape `OMS/lmr/m/n' in size <9> not available
(Font)              Font shape `OMS/lmsy/m/n' tried instead on input line 21.
) [1

] (./Geral.tex [2] [3] [4]
[5]
File: ./images/SDLC.png Graphic file (type bmp)
<./images/SDLC.png>

Underfull \vbox (badness 1490) has occurred while \output is active []

 [6]
[7]
Overfull \hbox (4.26328pt too wide) in paragraph at lines 171--175
\T1/lmr/m/n/10 de de-sen-vol-vi-mento. A com-mit phase nor-mal-mel-mente in-vol
ve com-pi-ler checks
 []

[8] [9] [10] [11]
Overfull \hbox (9.31859pt too wide) in paragraph at lines 331--332
[]\T1/lmr/m/n/10 É im-por-tante que os To-kens te-nham uma ex-pi-ra-tion date o
u ainda implementar-
 []

[12] [13] [14]) (./Android.tex [15]
File: ./images/arquiteturaAndroid.png Graphic file (type bmp)
<./images/arquiteturaAndroid.png>
 [16]
Underfull \hbox (badness 10000) in paragraph at lines 35--37

 []


Underfull \hbox (badness 10000) in paragraph at lines 37--40

 []


Underfull \hbox (badness 10000) in paragraph at lines 40--43

 []

[17]
Underfull \hbox (badness 10000) in paragraph at lines 47--49

 []

[18]
Overfull \hbox (0.73727pt too wide) in paragraph at lines 92--94
\T1/lmr/m/n/10 Depois de uma apli-ca-ção ser de-sen-vol-vida com su-cesso, o pr
ó-ximo passo é publicá-
 []

[19]
Underfull \hbox (badness 10000) in paragraph at lines 109--111

 []

[20]
Overfull \hbox (8.14206pt too wide) in paragraph at lines 138--138
 \T1/lmr/bx/n/10 15.1.1 Tes-tar o ar-ma-ze-na-mento lo-cal para da-dos con-fi-d
en-ci-ais (MSTG-
 []


Underfull \hbox (badness 10000) in paragraph at lines 140--151

 []


Underfull \hbox (badness 10000) in paragraph at lines 140--151

 []


Underfull \hbox (badness 10000) in paragraph at lines 140--151

 []


Underfull \hbox (badness 10000) in paragraph at lines 140--151

 []


Underfull \hbox (badness 10000) in paragraph at lines 140--151

 []


Underfull \hbox (badness 10000) in paragraph at lines 140--151

 []

[21]
Underfull \hbox (badness 10000) in paragraph at lines 162--164

 []


Underfull \hbox (badness 10000) in paragraph at lines 180--182

 []

[22]
Underfull \hbox (badness 10000) in paragraph at lines 183--185

 []


Overfull \hbox (3.4766pt too wide) in paragraph at lines 191--191
 \T1/lmr/bx/n/10 15.1.2 De-ter-mi-nar se da-dos sen-sí-veis são en-vi-a-dos a t
er-cei-ros (MSTG-
 []


Overfull \hbox (18.37436pt too wide) in paragraph at lines 198--198
 \T1/lmr/bx/n/10 15.1.3 Pro-cu-rar da-dos sen-sí-veis na ca-che do te-clado (MS
TG-STORAGE-
 []

[23]
Overfull \hbox (1.4303pt too wide) in paragraph at lines 218--219
[]\T1/lmr/m/n/10 A mai-o-ria das in-ter-fa-ces e clas-ses JCA são de-fi-ni-das 
nos pa-co-tes java.security.*
 []


Overfull \hbox (1.94952pt too wide) in paragraph at lines 225--225
 \T1/lmr/bx/n/10 15.2.2 Teste do ma-nu-ten-ção de cha-ves (MSTG-STORAGE-1, MSTG
-
 []

[24]
Overfull \hbox (38.15457pt too wide) in paragraph at lines 267--267
 \T1/lmr/bx/n/10 15.4.1 Tes-tar a ve-ri-fi-ca-ção de iden-ti-fi-ca-ção de ter-m
i-nal (MSTG-NETWORK-
 []

[25] [26]
Overfull \hbox (29.73508pt too wide) in paragraph at lines 309--310
\T1/lmr/m/n/10 com risco mí-nimo para ou-tras apli-ca-ções. Exem-plo: an-droid.
permission.INTERNET 
 []


Overfull \hbox (23.40282pt too wide) in paragraph at lines 314--316
\T1/lmr/m/n/10 cla-rou a per-mis-são. Exem-plo: an-droid.permission.ACCESS_MOCK
_LOCATION 
 []

) (./iOS.tex [27]
Overfull \hbox (1.76465pt too wide) in paragraph at lines 8--8
[]\T1/lmr/m/n/10 Apps no iOS es-tão iso-la-das umas das ou-tras atra-vés de uma
 sand-box(Seatbelt)
 []

LaTeX Font Info:    External font `cmex10' loaded for size
(Font)              <9> on input line 19.
LaTeX Font Info:    External font `cmex10' loaded for size
(Font)              <6> on input line 19.
[28] [29]
Overfull \hbox (20.89775pt too wide) in paragraph at lines 90--90
 \T1/lmr/bx/n/10 18.1.1 Tes-tar o Ar-ma-ze-na-mento Lo-cal (MSTG-STORAGE-1 and 
MSTG-
 []

File: ./images/image17.png Graphic file (type bmp)
<./images/image17.png>
[30]
Overfull \hbox (18.37436pt too wide) in paragraph at lines 156--156
 \T1/lmr/bx/n/10 18.1.3 Pro-cu-rar da-dos sen-sí-veis na ca-che do te-clado (MS
TG-STORAGE-
 []

File: ./images/image26.png Graphic file (type bmp)
<./images/image26.png>
[31]
File: ./images/image27.png Graphic file (type bmp)
<./images/image27.png>
 [32]
File: ./images/image38.png Graphic file (type bmp)
<./images/image38.png>
File: ./images/image39.png Graphic file (type bmp)
<./images/image39.png>
File: ./images/image40.png Graphic file (type bmp)
<./images/image40.png>

Underfull \vbox (badness 1024) has occurred while \output is active []

 [33]
File: ./images/image41.png Graphic file (type bmp)
<./images/image41.png>

[34]
Overfull \hbox (30.27563pt too wide) in paragraph at lines 310--311
[][][][][][][][][][][][][][][][] 
 []


Overfull \hbox (52.47559pt too wide) in paragraph at lines 316--317
[][][][][][][][][][][][][][][][][][][][][][] 
 []


Overfull \hbox (41.37561pt too wide) in paragraph at lines 320--321
[][][][][][][][][][][][][][][][][][] 
 []


Overfull \hbox (33.93211pt too wide) in paragraph at lines 336--336
 \T1/lmr/bx/n/10 18.3.1 Tes-tar Au-ten-ti-ca-ção Lo-cal (MSTG-AUTH-8 and MSTG-S
TORAGE-
 []

[35] [36]
File: ./images/image42.png Graphic file (type bmp)
<./images/image42.png>
 [37] [38]
File: ./images/image45.png Graphic file (type bmp)
<./images/image45.png>
 [39]
File: ./images/image46.png Graphic file (type bmp)
<./images/image46.png>
File: ./images/image47.png Graphic file (type bmp)
<./images/image47.png>

Underfull \vbox (badness 10000) has occurred while \output is active []

 [40]
File: ./images/image48.png Graphic file (type bmp)
<./images/image48.png>

[41]
File: ./images/image49.png Graphic file (type bmp)
<./images/image49.png>
File: ./images/image50.png Graphic file (type bmp)
<./images/image50.png>

Underfull \vbox (badness 4341) has occurred while \output is active []

 [42]
Overfull \hbox (52.06274pt too wide) in paragraph at lines 569--569
[]\T1/lmr/m/n/10 Adicionalmente, quando a apli-ca-ção usar o mé-todo \T1/lmr/m/
it/10 ope-nURL:options:completionHandler:
 []

File: ./images/image51.png Graphic file (type bmp)
<./images/image51.png>

Underfull \vbox (badness 2735) has occurred while \output is active []

 [43]
Overfull \hbox (19.5257pt too wide) in paragraph at lines 601--602
[][][][][][][][][][][][] 
 []


Overfull \hbox (19.5257pt too wide) in paragraph at lines 602--603
[][][][] 
 []


Overfull \hbox (19.5257pt too wide) in paragraph at lines 603--604
[][][][] 
 []

File: ./images/image52.png Graphic file (type bmp)
<./images/image52.png>

Underfull \vbox (badness 10000) has occurred while \output is active []

 [44]
File: ./images/image53.png Graphic file (type bmp)
<./images/image53.png>

Underfull \vbox (badness 1960) has occurred while \output is active []

 [45]
File: ./images/image54.png Graphic file (type bmp)
<./images/image54.png>

[46]
File: ./images/image55.png Graphic file (type bmp)
<./images/image55.png>

Overfull \hbox (9.27652pt too wide) in paragraph at lines 687--687
[]\T1/lmr/m/it/10 JSContext: \T1/lmr/m/n/10 Quando é atri-buido um iden-ti-fi-c
a-dor a um bloco Swift ou Objective-
 []

[47]
Overfull \hbox (80.22552pt too wide) in paragraph at lines 698--699
[][][][][][][][][][][][][][][][][] 
 []


Overfull \hbox (63.57556pt too wide) in paragraph at lines 724--725
[][][][][][][][][][][][][][] 
 []

File: ./images/image56.png Graphic file (type bmp)
<./images/image56.png>
[48])
Underfull \hbox (badness 10000) in paragraph at lines 68--69
[]\T1/lmr/m/n/9 https://mobile-security.gitbook.io/mobile-security-testing-guid
e/ios-testing-
 []


Overfull \hbox (4.93077pt too wide) in paragraph at lines 75--76
[]\T1/lmr/m/n/9 https://cheatsheetseries.owasp.org/cheatsheets/Authentication_C
heat_Sheet.html 
 []

[49] (./samplepaper.aux)

LaTeX Warning: There were multiply-defined labels.

 ) 
Here is how much of TeX's memory you used:
 3286 strings out of 494944
 44452 string characters out of 6176812
 121640 words of memory out of 5000000
 7081 multiletter control sequences out of 15000+600000
 54534 words of font info for 37 fonts, out of 8000000 for 9000
 16 hyphenation exceptions out of 8191
 28i,9n,32p,1063b,967s stack positions out of 5000i,500n,10000p,200000b,80000s

Output written on samplepaper.pdf (49 pages).
